<?xml version="1.0" encoding="UTF-8"?>
<!-- Generated by org.testng.reporters.JUnitXMLReporter -->
<testsuite ignored="0" hostname="DESKTOP-J35S6C5" failures="0" tests="3" name="Test" time="0.101" errors="0" timestamp="2023-10-05T21:53:16 IST">
  <testcase classname="parameter.com.ParameterClass" name="parameterTestCase01" time="0.015"/>
  <testcase classname="parameter.com.ParameterClass" name="parameterTestCase02" time="0.002"/>
  <testcase classname="parameter.com.ParameterClass" name="parameterTestCase03" time="0.001"/>
</testsuite> <!-- Test -->
