<?xml version="1.0" encoding="UTF-8"?>
<!-- Generated by org.testng.reporters.JUnitXMLReporter -->
<testsuite ignored="1" hostname="DESKTOP-J35S6C5" failures="0" tests="4" name="Default test" time="0.084" errors="0" timestamp="2023-10-02T22:19:48 IST">
  <testcase classname="testNGWithBaseClass.com.TestNGWithBaseClass2" name="tstCase07" time="0.006"/>
  <testcase classname="testNGWithBaseClass.com.TestNGWithBaseClass2" name="tstCase08" time="0.001"/>
  <testcase classname="testNGWithBaseClass.com.TestNGWithBaseClass2" name="tstCase09" time="0.001"/>
  <testcase classname="testNGWithBaseClass.com.TestNGWithBaseClass2" name="tstCase10" time="0.002"/>
  <testcase classname="testNGWithBaseClass.com.TestNGWithBaseClass2" name="tstCase06" time="0.0">
    <ignored/>
  </testcase> <!-- tstCase06 -->
</testsuite> <!-- Default test -->
