<?xml version="1.0" encoding="UTF-8"?>
<!-- Generated by org.testng.reporters.JUnitXMLReporter -->
<testsuite ignored="2" hostname="DESKTOP-J35S6C5" failures="0" tests="3" name="Test" time="0.078" errors="0" timestamp="2023-10-02T22:18:52 IST">
  <testcase classname="testNGWithBaseClass.com.TestNGWithBaseClass" name="tstCase02" time="0.012"/>
  <testcase classname="testNGWithBaseClass.com.TestNGWithBaseClass" name="tstCase04" time="0.002"/>
  <testcase classname="testNGWithBaseClass.com.TestNGWithBaseClass" name="tstCase05" time="0.001"/>
  <testcase classname="testNGWithBaseClass.com.TestNGWithBaseClass" name="tstCase01" time="0.0">
    <ignored/>
  </testcase> <!-- tstCase01 -->
  <testcase classname="testNGWithBaseClass.com.TestNGWithBaseClass" name="tstCase03" time="0.0">
    <ignored/>
  </testcase> <!-- tstCase03 -->
</testsuite> <!-- Test -->
