<?xml version="1.0" encoding="UTF-8"?>
<!-- Generated by org.testng.reporters.JUnitXMLReporter -->
<testsuite ignored="0" hostname="DESKTOP-J35S6C5" failures="0" tests="7" name="Test" time="0.079" errors="0" timestamp="2023-10-06T21:37:04 IST">
  <testcase classname="dependsOnMethods.com.DependsOnMethods" name="tstCase02" time="0.002"/>
  <testcase classname="dependsOnMethods.com.DependsOnMethods" name="tstCase04" time="0.0"/>
  <testcase classname="dependsOnMethods.com.DependsOnMethods" name="tstCase05" time="0.001"/>
  <testcase classname="dependsOnMethods.com.DependsOnMethods" name="tstCase06" time="0.002"/>
  <testcase classname="dependsOnMethods.com.DependsOnMethods" name="tstCase07" time="0.001"/>
  <testcase classname="dependsOnMethods.com.DependsOnMethods" name="tstCase01" time="0.001"/>
  <testcase classname="dependsOnMethods.com.DependsOnMethods" name="tstCase03" time="0.0"/>
</testsuite> <!-- Test -->
