<?xml version="1.0" encoding="UTF-8"?>
<!-- Generated by org.testng.reporters.JUnitXMLReporter -->
<testsuite ignored="0" hostname="DESKTOP-J35S6C5" failures="0" tests="3" name="Test" time="0.038" errors="0" timestamp="2023-10-06T21:37:04 IST">
  <testcase classname="parameter.com.ParameterClass" name="parameterTestCase01" time="0.0"/>
  <testcase classname="parameter.com.ParameterClass" name="parameterTestCase02" time="0.001"/>
  <testcase classname="parameter.com.ParameterClass" name="parameterTestCase03" time="0.001"/>
</testsuite> <!-- Test -->
