<?xml version="1.0" encoding="UTF-8"?>
<testng-results ignored="0" total="9" passed="9" failed="0" skipped="0">
  <reporter-output>
  </reporter-output>
  <suite started-at="2023-10-06T21:38:34 IST" name="GroupSuite" finished-at="2023-10-06T21:38:34 IST" duration-ms="76">
    <groups>
      <group name="even">
        <method signature="GroupClass.groupTestCase02()[pri:0, instance:group.com.GroupClass@46cdf8bd]" name="groupTestCase02" class="group.com.GroupClass"/>
        <method signature="GroupClass.groupTestCase04()[pri:0, instance:group.com.GroupClass@46cdf8bd]" name="groupTestCase04" class="group.com.GroupClass"/>
        <method signature="GroupClass.groupTestCase06()[pri:0, instance:group.com.GroupClass@46cdf8bd]" name="groupTestCase06" class="group.com.GroupClass"/>
        <method signature="GroupClass.groupTestCase08()[pri:0, instance:group.com.GroupClass@46cdf8bd]" name="groupTestCase08" class="group.com.GroupClass"/>
        <method signature="GroupClass.groupTestCase09()[pri:0, instance:group.com.GroupClass@46cdf8bd]" name="groupTestCase09" class="group.com.GroupClass"/>
      </group> <!-- even -->
      <group name="odds">
        <method signature="GroupClass.groupTestCase01()[pri:0, instance:group.com.GroupClass@46cdf8bd]" name="groupTestCase01" class="group.com.GroupClass"/>
        <method signature="GroupClass.groupTestCase03()[pri:0, instance:group.com.GroupClass@46cdf8bd]" name="groupTestCase03" class="group.com.GroupClass"/>
        <method signature="GroupClass.groupTestCase05()[pri:0, instance:group.com.GroupClass@46cdf8bd]" name="groupTestCase05" class="group.com.GroupClass"/>
        <method signature="GroupClass.groupTestCase07()[pri:0, instance:group.com.GroupClass@46cdf8bd]" name="groupTestCase07" class="group.com.GroupClass"/>
        <method signature="GroupClass.groupTestCase09()[pri:0, instance:group.com.GroupClass@46cdf8bd]" name="groupTestCase09" class="group.com.GroupClass"/>
      </group> <!-- odds -->
    </groups>
    <test started-at="2023-10-06T21:38:34 IST" name="Test" finished-at="2023-10-06T21:38:34 IST" duration-ms="76">
      <class name="group.com.GroupClass">
        <test-method signature="groupTestCase01()[pri:0, instance:group.com.GroupClass@46cdf8bd]" started-at="2023-10-06T21:38:34 IST" name="groupTestCase01" finished-at="2023-10-06T21:38:34 IST" duration-ms="7" status="PASS">
          <reporter-output>
          </reporter-output>
        </test-method> <!-- groupTestCase01 -->
        <test-method signature="groupTestCase02()[pri:0, instance:group.com.GroupClass@46cdf8bd]" started-at="2023-10-06T21:38:34 IST" name="groupTestCase02" finished-at="2023-10-06T21:38:34 IST" duration-ms="1" status="PASS">
          <reporter-output>
          </reporter-output>
        </test-method> <!-- groupTestCase02 -->
        <test-method signature="groupTestCase03()[pri:0, instance:group.com.GroupClass@46cdf8bd]" started-at="2023-10-06T21:38:34 IST" name="groupTestCase03" finished-at="2023-10-06T21:38:34 IST" duration-ms="0" status="PASS">
          <reporter-output>
          </reporter-output>
        </test-method> <!-- groupTestCase03 -->
        <test-method signature="groupTestCase04()[pri:0, instance:group.com.GroupClass@46cdf8bd]" started-at="2023-10-06T21:38:34 IST" name="groupTestCase04" finished-at="2023-10-06T21:38:34 IST" duration-ms="0" status="PASS">
          <reporter-output>
          </reporter-output>
        </test-method> <!-- groupTestCase04 -->
        <test-method signature="groupTestCase05()[pri:0, instance:group.com.GroupClass@46cdf8bd]" started-at="2023-10-06T21:38:34 IST" name="groupTestCase05" finished-at="2023-10-06T21:38:34 IST" duration-ms="1" status="PASS">
          <reporter-output>
          </reporter-output>
        </test-method> <!-- groupTestCase05 -->
        <test-method signature="groupTestCase06()[pri:0, instance:group.com.GroupClass@46cdf8bd]" started-at="2023-10-06T21:38:34 IST" name="groupTestCase06" finished-at="2023-10-06T21:38:34 IST" duration-ms="0" status="PASS">
          <reporter-output>
          </reporter-output>
        </test-method> <!-- groupTestCase06 -->
        <test-method signature="groupTestCase07()[pri:0, instance:group.com.GroupClass@46cdf8bd]" started-at="2023-10-06T21:38:34 IST" name="groupTestCase07" finished-at="2023-10-06T21:38:34 IST" duration-ms="0" status="PASS">
          <reporter-output>
          </reporter-output>
        </test-method> <!-- groupTestCase07 -->
        <test-method signature="groupTestCase08()[pri:0, instance:group.com.GroupClass@46cdf8bd]" started-at="2023-10-06T21:38:34 IST" name="groupTestCase08" finished-at="2023-10-06T21:38:34 IST" duration-ms="0" status="PASS">
          <reporter-output>
          </reporter-output>
        </test-method> <!-- groupTestCase08 -->
        <test-method signature="groupTestCase09()[pri:0, instance:group.com.GroupClass@46cdf8bd]" started-at="2023-10-06T21:38:34 IST" name="groupTestCase09" finished-at="2023-10-06T21:38:34 IST" duration-ms="1" status="PASS">
          <reporter-output>
          </reporter-output>
        </test-method> <!-- groupTestCase09 -->
      </class> <!-- group.com.GroupClass -->
    </test> <!-- Test -->
  </suite> <!-- GroupSuite -->
</testng-results>
