<?xml version="1.0" encoding="UTF-8"?>
<testng-results ignored="1" total="5" passed="4" failed="0" skipped="0">
  <reporter-output>
  </reporter-output>
  <suite started-at="2023-10-02T22:19:48 IST" name="Default suite" finished-at="2023-10-02T22:19:48 IST" duration-ms="84">
    <groups>
    </groups>
    <test started-at="2023-10-02T22:19:48 IST" name="Default test" finished-at="2023-10-02T22:19:48 IST" duration-ms="84">
      <class name="testNGWithBaseClass.com.TestNGWithBaseClass2">
        <test-method is-config="true" signature="beforeSuite()[pri:0, instance:testNGWithBaseClass.com.TestNGWithBaseClass2@7ae0a9ec]" started-at="2023-10-02T22:19:48 IST" name="beforeSuite" finished-at="2023-10-02T22:19:48 IST" duration-ms="25" status="PASS">
          <reporter-output>
          </reporter-output>
        </test-method> <!-- beforeSuite -->
        <test-method is-config="true" signature="beforeTest()[pri:0, instance:testNGWithBaseClass.com.TestNGWithBaseClass2@7ae0a9ec]" started-at="2023-10-02T22:19:48 IST" name="beforeTest" finished-at="2023-10-02T22:19:48 IST" duration-ms="1" status="PASS">
          <reporter-output>
          </reporter-output>
        </test-method> <!-- beforeTest -->
        <test-method is-config="true" signature="beforeClass()[pri:0, instance:testNGWithBaseClass.com.TestNGWithBaseClass2@7ae0a9ec]" started-at="2023-10-02T22:19:48 IST" name="beforeClass" finished-at="2023-10-02T22:19:48 IST" duration-ms="0" status="PASS">
          <reporter-output>
          </reporter-output>
        </test-method> <!-- beforeClass -->
        <test-method is-config="true" signature="beforeMethod()[pri:0, instance:testNGWithBaseClass.com.TestNGWithBaseClass2@7ae0a9ec]" started-at="2023-10-02T22:19:48 IST" name="beforeMethod" finished-at="2023-10-02T22:19:48 IST" duration-ms="1" status="PASS">
          <reporter-output>
          </reporter-output>
        </test-method> <!-- beforeMethod -->
        <test-method signature="tstCase07()[pri:0, instance:testNGWithBaseClass.com.TestNGWithBaseClass2@7ae0a9ec]" started-at="2023-10-02T22:19:48 IST" name="tstCase07" finished-at="2023-10-02T22:19:48 IST" duration-ms="6" status="PASS">
          <reporter-output>
          </reporter-output>
        </test-method> <!-- tstCase07 -->
        <test-method is-config="true" signature="afterMethod()[pri:0, instance:testNGWithBaseClass.com.TestNGWithBaseClass2@7ae0a9ec]" started-at="2023-10-02T22:19:48 IST" name="afterMethod" finished-at="2023-10-02T22:19:48 IST" duration-ms="0" status="PASS">
          <reporter-output>
          </reporter-output>
        </test-method> <!-- afterMethod -->
        <test-method is-config="true" signature="beforeMethod()[pri:0, instance:testNGWithBaseClass.com.TestNGWithBaseClass2@7ae0a9ec]" started-at="2023-10-02T22:19:48 IST" name="beforeMethod" finished-at="2023-10-02T22:19:48 IST" duration-ms="1" status="PASS">
          <reporter-output>
          </reporter-output>
        </test-method> <!-- beforeMethod -->
        <test-method signature="tstCase08()[pri:0, instance:testNGWithBaseClass.com.TestNGWithBaseClass2@7ae0a9ec]" started-at="2023-10-02T22:19:48 IST" name="tstCase08" finished-at="2023-10-02T22:19:48 IST" duration-ms="1" status="PASS">
          <reporter-output>
          </reporter-output>
        </test-method> <!-- tstCase08 -->
        <test-method is-config="true" signature="afterMethod()[pri:0, instance:testNGWithBaseClass.com.TestNGWithBaseClass2@7ae0a9ec]" started-at="2023-10-02T22:19:48 IST" name="afterMethod" finished-at="2023-10-02T22:19:48 IST" duration-ms="0" status="PASS">
          <reporter-output>
          </reporter-output>
        </test-method> <!-- afterMethod -->
        <test-method signature="tstCase09()[pri:0, instance:testNGWithBaseClass.com.TestNGWithBaseClass2@7ae0a9ec]" started-at="2023-10-02T22:19:48 IST" name="tstCase09" finished-at="2023-10-02T22:19:48 IST" duration-ms="1" status="PASS">
          <reporter-output>
          </reporter-output>
        </test-method> <!-- tstCase09 -->
        <test-method is-config="true" signature="beforeMethod()[pri:0, instance:testNGWithBaseClass.com.TestNGWithBaseClass2@7ae0a9ec]" started-at="2023-10-02T22:19:48 IST" name="beforeMethod" finished-at="2023-10-02T22:19:48 IST" duration-ms="0" status="PASS">
          <reporter-output>
          </reporter-output>
        </test-method> <!-- beforeMethod -->
        <test-method is-config="true" signature="afterMethod()[pri:0, instance:testNGWithBaseClass.com.TestNGWithBaseClass2@7ae0a9ec]" started-at="2023-10-02T22:19:48 IST" name="afterMethod" finished-at="2023-10-02T22:19:48 IST" duration-ms="1" status="PASS">
          <reporter-output>
          </reporter-output>
        </test-method> <!-- afterMethod -->
        <test-method is-config="true" signature="beforeMethod()[pri:0, instance:testNGWithBaseClass.com.TestNGWithBaseClass2@7ae0a9ec]" started-at="2023-10-02T22:19:48 IST" name="beforeMethod" finished-at="2023-10-02T22:19:48 IST" duration-ms="1" status="PASS">
          <reporter-output>
          </reporter-output>
        </test-method> <!-- beforeMethod -->
        <test-method signature="tstCase10()[pri:0, instance:testNGWithBaseClass.com.TestNGWithBaseClass2@7ae0a9ec]" started-at="2023-10-02T22:19:48 IST" name="tstCase10" finished-at="2023-10-02T22:19:48 IST" duration-ms="2" status="PASS">
          <reporter-output>
          </reporter-output>
        </test-method> <!-- tstCase10 -->
        <test-method is-config="true" signature="afterMethod()[pri:0, instance:testNGWithBaseClass.com.TestNGWithBaseClass2@7ae0a9ec]" started-at="2023-10-02T22:19:48 IST" name="afterMethod" finished-at="2023-10-02T22:19:48 IST" duration-ms="0" status="PASS">
          <reporter-output>
          </reporter-output>
        </test-method> <!-- afterMethod -->
        <test-method is-config="true" signature="afterclass()[pri:0, instance:testNGWithBaseClass.com.TestNGWithBaseClass2@7ae0a9ec]" started-at="2023-10-02T22:19:48 IST" name="afterclass" finished-at="2023-10-02T22:19:48 IST" duration-ms="1" status="PASS">
          <reporter-output>
          </reporter-output>
        </test-method> <!-- afterclass -->
        <test-method is-config="true" signature="afterTest()[pri:0, instance:testNGWithBaseClass.com.TestNGWithBaseClass2@7ae0a9ec]" started-at="2023-10-02T22:19:48 IST" name="afterTest" finished-at="2023-10-02T22:19:48 IST" duration-ms="1" status="PASS">
          <reporter-output>
          </reporter-output>
        </test-method> <!-- afterTest -->
        <test-method is-config="true" signature="afterSuite()[pri:0, instance:testNGWithBaseClass.com.TestNGWithBaseClass2@7ae0a9ec]" started-at="2023-10-02T22:19:48 IST" name="afterSuite" finished-at="2023-10-02T22:19:48 IST" duration-ms="1" status="PASS">
          <reporter-output>
          </reporter-output>
        </test-method> <!-- afterSuite -->
      </class> <!-- testNGWithBaseClass.com.TestNGWithBaseClass2 -->
    </test> <!-- Default test -->
  </suite> <!-- Default suite -->
</testng-results>
