<?xml version="1.0" encoding="UTF-8"?>
<!-- Generated by org.testng.reporters.JUnitXMLReporter -->
<testsuite ignored="5" hostname="DESKTOP-J35S6C5" failures="0" tests="2" name="Priority2" time="0.023" errors="0" timestamp="2023-10-04T22:30:04 IST">
  <testcase classname="priority.com.Priority2" name="btstCase07" time="0.002"/>
  <testcase classname="priority.com.Priority2" name="atstCase06" time="0.002"/>
  <testcase classname="priority.com.Priority2" name="tstCase05" time="0.0">
    <ignored/>
  </testcase> <!-- tstCase05 -->
  <testcase classname="priority.com.Priority2" name="tstCase01" time="0.0">
    <ignored/>
  </testcase> <!-- tstCase01 -->
  <testcase classname="priority.com.Priority2" name="tstCase02" time="0.0">
    <ignored/>
  </testcase> <!-- tstCase02 -->
  <testcase classname="priority.com.Priority2" name="tstCase03" time="0.0">
    <ignored/>
  </testcase> <!-- tstCase03 -->
  <testcase classname="priority.com.Priority2" name="tstCase04" time="0.0">
    <ignored/>
  </testcase> <!-- tstCase04 -->
</testsuite> <!-- Priority2 -->
