<?xml version="1.0" encoding="UTF-8"?>
<!-- Generated by org.testng.reporters.JUnitXMLReporter -->
<testsuite ignored="5" hostname="DESKTOP-J35S6C5" failures="1" tests="2" name="Priority2" time="0.26" errors="0" timestamp="2023-10-05T21:28:09 IST">
  <testcase classname="priority.com.Priority2" name="tstCase01" time="0.231">
    <failure type="org.testng.internal.thread.ThreadTimeoutException" message="Method priority.com.Priority2.tstCase01() didn&amp;apos;t finish within the time-out 200">
      <![CDATA[org.testng.internal.thread.ThreadTimeoutException: Method priority.com.Priority2.tstCase01() didn't finish within the time-out 200
at java.base@11.0.16.1/java.lang.Thread.sleep(Native Method)
at app//priority.com.Priority2.tstCase01(Priority2.java:61)
at java.base@11.0.16.1/java.util.concurrent.FutureTask.run(FutureTask.java:264)
at java.base@11.0.16.1/java.util.concurrent.ThreadPoolExecutor.runWorker(ThreadPoolExecutor.java:1128)
at java.base@11.0.16.1/java.util.concurrent.ThreadPoolExecutor$Worker.run(ThreadPoolExecutor.java:628)
at java.base@11.0.16.1/java.lang.Thread.run(Thread.java:834)
... Removed 8 stack frames]]>
    </failure>
  </testcase> <!-- tstCase01 -->
  <testcase classname="priority.com.Priority2" name="tstCase02" time="0.003"/>
  <testcase classname="priority.com.Priority2" name="tstCase04" time="0.0">
    <ignored/>
  </testcase> <!-- tstCase04 -->
  <testcase classname="priority.com.Priority2" name="tstCase03" time="0.0">
    <ignored/>
  </testcase> <!-- tstCase03 -->
  <testcase classname="priority.com.Priority2" name="atstCase06" time="0.0">
    <ignored/>
  </testcase> <!-- atstCase06 -->
  <testcase classname="priority.com.Priority2" name="btstCase07" time="0.0">
    <ignored/>
  </testcase> <!-- btstCase07 -->
  <testcase classname="priority.com.Priority2" name="tstCase05" time="0.0">
    <ignored/>
  </testcase> <!-- tstCase05 -->
</testsuite> <!-- Priority2 -->
