<?xml version="1.0" encoding="UTF-8"?>
<!-- Generated by org.testng.reporters.JUnitXMLReporter -->
<testsuite ignored="4" hostname="DESKTOP-J35S6C5" failures="0" tests="1" name="Priority1" time="0.058" errors="0" timestamp="2023-10-05T21:28:09 IST">
  <testcase classname="priority.com.Priority" name="tstCase01" time="0.006"/>
  <testcase classname="priority.com.Priority" name="tstCase02" time="0.0">
    <ignored/>
  </testcase> <!-- tstCase02 -->
  <testcase classname="priority.com.Priority" name="tstCase03" time="0.0">
    <ignored/>
  </testcase> <!-- tstCase03 -->
  <testcase classname="priority.com.Priority" name="tstCase04" time="0.0">
    <ignored/>
  </testcase> <!-- tstCase04 -->
  <testcase classname="priority.com.Priority" name="tstCase05" time="0.0">
    <ignored/>
  </testcase> <!-- tstCase05 -->
</testsuite> <!-- Priority1 -->
