<?xml version="1.0" encoding="UTF-8"?>
<!-- Generated by org.testng.reporters.JUnitXMLReporter -->
<testsuite ignored="0" hostname="DESKTOP-J35S6C5" failures="0" tests="5" name="Priority3" time="0.027" errors="0" timestamp="2023-10-05T21:28:09 IST">
  <testcase classname="priority.com.Priority" name="tstCase05" time="0.001"/>
  <testcase classname="priority.com.Priority" name="tstCase04" time="0.0"/>
  <testcase classname="priority.com.Priority" name="tstCase03" time="0.001"/>
  <testcase classname="priority.com.Priority" name="tstCase02" time="0.002"/>
  <testcase classname="priority.com.Priority" name="tstCase01" time="0.001"/>
</testsuite> <!-- Priority3 -->
