<?xml version="1.0" encoding="UTF-8"?>
<!-- Generated by org.testng.reporters.JUnitXMLReporter -->
<testsuite ignored="0" hostname="DESKTOP-J35S6C5" failures="0" tests="7" name="Priority1" time="0.139" errors="0" timestamp="2023-10-04T22:39:41 IST">
  <testcase classname="priority.com.Priority3" name="tstCase04" time="0.008"/>
  <testcase classname="priority.com.Priority3" name="btstCase07" time="0.003"/>
  <testcase classname="priority.com.Priority3" name="tstCase03" time="0.001"/>
  <testcase classname="priority.com.Priority3" name="tstCase05" time="0.002"/>
  <testcase classname="priority.com.Priority3" name="atstCase06" time="0.002"/>
  <testcase classname="priority.com.Priority3" name="tstCase01" time="0.002"/>
  <testcase classname="priority.com.Priority3" name="tstCase02" time="0.002"/>
</testsuite> <!-- Priority1 -->
