<?xml version="1.0" encoding="UTF-8"?>
<!-- Generated by org.testng.reporters.JUnitXMLReporter -->
<testsuite ignored="0" hostname="DESKTOP-J35S6C5" failures="0" tests="5" name="Priority3" time="0.04" errors="0" timestamp="2023-10-04T22:25:32 IST">
  <testcase classname="priority.com.Priority" name="tstCase05" time="0.001"/>
  <testcase classname="priority.com.Priority" name="tstCase04" time="0.001"/>
  <testcase classname="priority.com.Priority" name="tstCase03" time="0.003"/>
  <testcase classname="priority.com.Priority" name="tstCase02" time="0.001"/>
  <testcase classname="priority.com.Priority" name="tstCase01" time="0.006"/>
</testsuite> <!-- Priority3 -->
